{"t":{"$date":"2024-11-08T09:28:42.206+08:00"},"s":"I",  "c":"CONTROL",  "id":23285,   "ctx":"thread1","msg":"Automatically disabling TLS 1.0, to force-enable TLS 1.0 specify --sslDisabledProtocols 'none'"}
{"t":{"$date":"2024-11-08T09:28:42.206+08:00"},"s":"I",  "c":"CONTROL",  "id":5945603, "ctx":"thread1","msg":"Multi threading initialized"}
{"t":{"$date":"2024-11-08T09:28:42.207+08:00"},"s":"I",  "c":"NETWORK",  "id":4648601, "ctx":"thread1","msg":"Implicit TCP FastOpen unavailable. If TCP FastOpen is required, set at least one of the related parameters","attr":{"relatedParameters":["tcpFastOpenServer","tcpFastOpenClient","tcpFastOpenQueueSize"]}}
{"t":{"$date":"2024-11-08T09:28:42.207+08:00"},"s":"I",  "c":"NETWORK",  "id":4915701, "ctx":"thread1","msg":"Initialized wire specification","attr":{"spec":{"incomingExternalClient":{"minWireVersion":0,"maxWireVersion":25},"incomingInternalClient":{"minWireVersion":0,"maxWireVersion":25},"outgoing":{"minWireVersion":6,"maxWireVersion":25},"isInternalClient":true}}}
{"t":{"$date":"2024-11-08T09:28:42.219+08:00"},"s":"I",  "c":"CONTROL",  "id":23298,   "ctx":"thread1","msg":"Trying to install Windows service","attr":{"serviceName":"MongoDB_TEST"}}
{"t":{"$date":"2024-11-08T09:28:42.219+08:00"},"s":"I",  "c":"CONTROL",  "id":23299,   "ctx":"thread1","msg":"Error connecting to the Service Control Manager","attr":{"__error__":"拒绝访问。 (5)"}}

{"t":{"$date":"2024-11-08T09:31:15.736+08:00"},"s":"I",  "c":"CONTROL",  "id":20698,   "ctx":"thread1","msg":"***** SERVER RESTARTED *****"}
{"t":{"$date":"2024-11-08T09:31:15.737+08:00"},"s":"I",  "c":"CONTROL",  "id":23285,   "ctx":"thread1","msg":"Automatically disabling TLS 1.0, to force-enable TLS 1.0 specify --sslDisabledProtocols 'none'"}
{"t":{"$date":"2024-11-08T09:31:17.491+08:00"},"s":"I",  "c":"CONTROL",  "id":5945603, "ctx":"thread1","msg":"Multi threading initialized"}
{"t":{"$date":"2024-11-08T09:31:17.491+08:00"},"s":"I",  "c":"NETWORK",  "id":4648601, "ctx":"thread1","msg":"Implicit TCP FastOpen unavailable. If TCP FastOpen is required, set at least one of the related parameters","attr":{"relatedParameters":["tcpFastOpenServer","tcpFastOpenClient","tcpFastOpenQueueSize"]}}
{"t":{"$date":"2024-11-08T09:31:17.492+08:00"},"s":"I",  "c":"NETWORK",  "id":4915701, "ctx":"thread1","msg":"Initialized wire specification","attr":{"spec":{"incomingExternalClient":{"minWireVersion":0,"maxWireVersion":25},"incomingInternalClient":{"minWireVersion":0,"maxWireVersion":25},"outgoing":{"minWireVersion":6,"maxWireVersion":25},"isInternalClient":true}}}
{"t":{"$date":"2024-11-08T09:31:17.494+08:00"},"s":"I",  "c":"CONTROL",  "id":23298,   "ctx":"thread1","msg":"Trying to install Windows service","attr":{"serviceName":"MongoDB_TEST"}}
{"t":{"$date":"2024-11-08T09:31:17.495+08:00"},"s":"I",  "c":"CONTROL",  "id":23302,   "ctx":"thread1","msg":"Service installed","attr":{"serviceName":"MongoDB_TEST","displayName":"MongoDB","commandLine":"E:\\mongodb\\bin\\mongod.exe -f E:/zengfeng/githubs/learn.mongodb/02_single/mongodb/mongod.conf --service"}}
{"t":{"$date":"2024-11-08T09:31:17.495+08:00"},"s":"I",  "c":"CONTROL",  "id":23303,   "ctx":"thread1","msg":"Service can be started from the command line with 'net start <serviceName>'","attr":{"serviceName":"MongoDB_TEST"}}

{"t":{"$date":"2024-11-08T09:32:39.151+08:00"},"s":"I",  "c":"CONTROL",  "id":20698,   "ctx":"thread1","msg":"***** SERVER RESTARTED *****"}
{"t":{"$date":"2024-11-08T09:32:39.152+08:00"},"s":"I",  "c":"CONTROL",  "id":23285,   "ctx":"thread1","msg":"Automatically disabling TLS 1.0, to force-enable TLS 1.0 specify --sslDisabledProtocols 'none'"}
{"t":{"$date":"2024-11-08T09:32:41.023+08:00"},"s":"I",  "c":"CONTROL",  "id":5945603, "ctx":"thread1","msg":"Multi threading initialized"}
{"t":{"$date":"2024-11-08T09:32:41.024+08:00"},"s":"I",  "c":"NETWORK",  "id":4648601, "ctx":"thread1","msg":"Implicit TCP FastOpen unavailable. If TCP FastOpen is required, set at least one of the related parameters","attr":{"relatedParameters":["tcpFastOpenServer","tcpFastOpenClient","tcpFastOpenQueueSize"]}}
{"t":{"$date":"2024-11-08T09:32:41.024+08:00"},"s":"I",  "c":"NETWORK",  "id":4915701, "ctx":"thread1","msg":"Initialized wire specification","attr":{"spec":{"incomingExternalClient":{"minWireVersion":0,"maxWireVersion":25},"incomingInternalClient":{"minWireVersion":0,"maxWireVersion":25},"outgoing":{"minWireVersion":6,"maxWireVersion":25},"isInternalClient":true}}}
{"t":{"$date":"2024-11-08T09:32:41.026+08:00"},"s":"I",  "c":"CONTROL",  "id":23307,   "ctx":"thread1","msg":"Trying to remove Windows service","attr":{"name":"MongoDB_TEST"}}
{"t":{"$date":"2024-11-08T09:32:41.027+08:00"},"s":"I",  "c":"CONTROL",  "id":23312,   "ctx":"thread1","msg":"Service removed","attr":{"serviceName":"MongoDB_TEST"}}

{"t":{"$date":"2024-11-08T09:33:47.219+08:00"},"s":"I",  "c":"CONTROL",  "id":20698,   "ctx":"thread1","msg":"***** SERVER RESTARTED *****"}
{"t":{"$date":"2024-11-08T09:33:48.971+08:00"},"s":"I",  "c":"CONTROL",  "id":23285,   "ctx":"thread1","msg":"Automatically disabling TLS 1.0, to force-enable TLS 1.0 specify --sslDisabledProtocols 'none'"}
{"t":{"$date":"2024-11-08T09:33:48.971+08:00"},"s":"I",  "c":"CONTROL",  "id":5945603, "ctx":"thread1","msg":"Multi threading initialized"}
{"t":{"$date":"2024-11-08T09:33:48.971+08:00"},"s":"I",  "c":"NETWORK",  "id":4648601, "ctx":"thread1","msg":"Implicit TCP FastOpen unavailable. If TCP FastOpen is required, set at least one of the related parameters","attr":{"relatedParameters":["tcpFastOpenServer","tcpFastOpenClient","tcpFastOpenQueueSize"]}}
{"t":{"$date":"2024-11-08T09:33:48.971+08:00"},"s":"I",  "c":"NETWORK",  "id":4915701, "ctx":"thread1","msg":"Initialized wire specification","attr":{"spec":{"incomingExternalClient":{"minWireVersion":0,"maxWireVersion":25},"incomingInternalClient":{"minWireVersion":0,"maxWireVersion":25},"outgoing":{"minWireVersion":6,"maxWireVersion":25},"isInternalClient":true}}}
{"t":{"$date":"2024-11-08T09:33:48.973+08:00"},"s":"I",  "c":"CONTROL",  "id":23307,   "ctx":"thread1","msg":"Trying to remove Windows service","attr":{"name":"MongoDB_Test"}}
{"t":{"$date":"2024-11-08T09:33:48.974+08:00"},"s":"I",  "c":"CONTROL",  "id":23309,   "ctx":"thread1","msg":"Could not find a service named to remove","attr":{"serviceName":"MongoDB_Test"}}

{"t":{"$date":"2024-11-08T09:35:20.371+08:00"},"s":"I",  "c":"CONTROL",  "id":20698,   "ctx":"thread1","msg":"***** SERVER RESTARTED *****"}
{"t":{"$date":"2024-11-08T09:35:22.157+08:00"},"s":"I",  "c":"CONTROL",  "id":23285,   "ctx":"thread1","msg":"Automatically disabling TLS 1.0, to force-enable TLS 1.0 specify --sslDisabledProtocols 'none'"}
{"t":{"$date":"2024-11-08T09:35:22.158+08:00"},"s":"I",  "c":"CONTROL",  "id":5945603, "ctx":"thread1","msg":"Multi threading initialized"}
{"t":{"$date":"2024-11-08T09:35:22.158+08:00"},"s":"I",  "c":"NETWORK",  "id":4648601, "ctx":"thread1","msg":"Implicit TCP FastOpen unavailable. If TCP FastOpen is required, set at least one of the related parameters","attr":{"relatedParameters":["tcpFastOpenServer","tcpFastOpenClient","tcpFastOpenQueueSize"]}}
{"t":{"$date":"2024-11-08T09:35:22.159+08:00"},"s":"I",  "c":"NETWORK",  "id":4915701, "ctx":"thread1","msg":"Initialized wire specification","attr":{"spec":{"incomingExternalClient":{"minWireVersion":0,"maxWireVersion":25},"incomingInternalClient":{"minWireVersion":0,"maxWireVersion":25},"outgoing":{"minWireVersion":6,"maxWireVersion":25},"isInternalClient":true}}}
{"t":{"$date":"2024-11-08T09:35:22.160+08:00"},"s":"I",  "c":"CONTROL",  "id":23307,   "ctx":"thread1","msg":"Trying to remove Windows service","attr":{"name":"MongoDB_Test"}}
{"t":{"$date":"2024-11-08T09:35:22.160+08:00"},"s":"I",  "c":"CONTROL",  "id":23309,   "ctx":"thread1","msg":"Could not find a service named to remove","attr":{"serviceName":"MongoDB_Test"}}

{"t":{"$date":"2024-11-08T09:36:03.548+08:00"},"s":"I",  "c":"CONTROL",  "id":20698,   "ctx":"thread1","msg":"***** SERVER RESTARTED *****"}
{"t":{"$date":"2024-11-08T09:36:03.550+08:00"},"s":"I",  "c":"CONTROL",  "id":23285,   "ctx":"thread1","msg":"Automatically disabling TLS 1.0, to force-enable TLS 1.0 specify --sslDisabledProtocols 'none'"}
{"t":{"$date":"2024-11-08T09:36:05.329+08:00"},"s":"I",  "c":"CONTROL",  "id":5945603, "ctx":"thread1","msg":"Multi threading initialized"}
{"t":{"$date":"2024-11-08T09:36:05.330+08:00"},"s":"I",  "c":"NETWORK",  "id":4648601, "ctx":"thread1","msg":"Implicit TCP FastOpen unavailable. If TCP FastOpen is required, set at least one of the related parameters","attr":{"relatedParameters":["tcpFastOpenServer","tcpFastOpenClient","tcpFastOpenQueueSize"]}}
{"t":{"$date":"2024-11-08T09:36:05.330+08:00"},"s":"I",  "c":"NETWORK",  "id":4915701, "ctx":"thread1","msg":"Initialized wire specification","attr":{"spec":{"incomingExternalClient":{"minWireVersion":0,"maxWireVersion":25},"incomingInternalClient":{"minWireVersion":0,"maxWireVersion":25},"outgoing":{"minWireVersion":6,"maxWireVersion":25},"isInternalClient":true}}}
{"t":{"$date":"2024-11-08T09:36:05.332+08:00"},"s":"I",  "c":"CONTROL",  "id":23298,   "ctx":"thread1","msg":"Trying to install Windows service","attr":{"serviceName":"MongoDB_Test"}}
{"t":{"$date":"2024-11-08T09:36:05.333+08:00"},"s":"I",  "c":"CONTROL",  "id":23302,   "ctx":"thread1","msg":"Service installed","attr":{"serviceName":"MongoDB_Test","displayName":"MongoDB_Test","commandLine":"E:\\mongodb\\bin\\mongod.exe -f E:/zengfeng/githubs/learn.mongodb/02_single/mongodb/mongod.conf --service"}}
{"t":{"$date":"2024-11-08T09:36:05.333+08:00"},"s":"I",  "c":"CONTROL",  "id":23303,   "ctx":"thread1","msg":"Service can be started from the command line with 'net start <serviceName>'","attr":{"serviceName":"MongoDB_Test"}}

{"t":{"$date":"2024-11-08T09:36:22.876+08:00"},"s":"I",  "c":"CONTROL",  "id":20698,   "ctx":"thread1","msg":"***** SERVER RESTARTED *****"}
{"t":{"$date":"2024-11-08T09:36:22.879+08:00"},"s":"I",  "c":"CONTROL",  "id":23285,   "ctx":"thread1","msg":"Automatically disabling TLS 1.0, to force-enable TLS 1.0 specify --sslDisabledProtocols 'none'"}
{"t":{"$date":"2024-11-08T09:36:24.653+08:00"},"s":"I",  "c":"CONTROL",  "id":5945603, "ctx":"thread1","msg":"Multi threading initialized"}
{"t":{"$date":"2024-11-08T09:36:24.653+08:00"},"s":"I",  "c":"NETWORK",  "id":4648601, "ctx":"thread1","msg":"Implicit TCP FastOpen unavailable. If TCP FastOpen is required, set at least one of the related parameters","attr":{"relatedParameters":["tcpFastOpenServer","tcpFastOpenClient","tcpFastOpenQueueSize"]}}
{"t":{"$date":"2024-11-08T09:36:24.653+08:00"},"s":"I",  "c":"NETWORK",  "id":4915701, "ctx":"thread1","msg":"Initialized wire specification","attr":{"spec":{"incomingExternalClient":{"minWireVersion":0,"maxWireVersion":25},"incomingInternalClient":{"minWireVersion":0,"maxWireVersion":25},"outgoing":{"minWireVersion":6,"maxWireVersion":25},"isInternalClient":true}}}
{"t":{"$date":"2024-11-08T09:36:24.655+08:00"},"s":"I",  "c":"CONTROL",  "id":23316,   "ctx":"thread1","msg":"Trying to start Windows service","attr":{"serviceName":"MongoDB"}}
{"t":{"$date":"2024-11-08T09:36:24.656+08:00"},"s":"I",  "c":"CONTROL",  "id":4615611, "ctx":"initandlisten","msg":"MongoDB starting","attr":{"pid":23056,"port":27017,"dbPath":"E:/zengfeng/githubs/learn.mongodb/02_single/mongodb/data/db","architecture":"64-bit","host":"DESKTOP-Q812MPJ"}}
{"t":{"$date":"2024-11-08T09:36:24.656+08:00"},"s":"I",  "c":"CONTROL",  "id":23398,   "ctx":"initandlisten","msg":"Target operating system minimum version","attr":{"targetMinOS":"Windows 7/Windows Server 2008 R2"}}
{"t":{"$date":"2024-11-08T09:36:24.656+08:00"},"s":"I",  "c":"CONTROL",  "id":23403,   "ctx":"initandlisten","msg":"Build Info","attr":{"buildInfo":{"version":"8.0.3","gitVersion":"89d97f2744a2b9851ddfb51bdf22f687562d9b06","modules":[],"allocator":"tcmalloc-gperf","environment":{"distmod":"windows","distarch":"x86_64","target_arch":"x86_64"}}}}
{"t":{"$date":"2024-11-08T09:36:24.656+08:00"},"s":"I",  "c":"CONTROL",  "id":51765,   "ctx":"initandlisten","msg":"Operating System","attr":{"os":{"name":"Microsoft Windows 10","version":"10.0 (build 22631)"}}}
{"t":{"$date":"2024-11-08T09:36:24.656+08:00"},"s":"I",  "c":"CONTROL",  "id":21951,   "ctx":"initandlisten","msg":"Options set by command line","attr":{"options":{"config":"E:/zengfeng/githubs/learn.mongodb/02_single/mongodb/mongod.conf","net":{"bindIp":"localhost,192.168.0.125","port":27017},"service":true,"storage":{"dbPath":"E:/zengfeng/githubs/learn.mongodb/02_single/mongodb/data/db"},"systemLog":{"destination":"file","logAppend":true,"path":"E:/zengfeng/githubs/learn.mongodb/02_single/mongodb/log/mongod.log"}}}}
{"t":{"$date":"2024-11-08T09:36:24.659+08:00"},"s":"W",  "c":"STORAGE",  "id":22271,   "ctx":"initandlisten","msg":"Detected unclean shutdown - Lock file is not empty","attr":{"lockFile":"E:/zengfeng/githubs/learn.mongodb/02_single/mongodb/data/db\\mongod.lock"}}
{"t":{"$date":"2024-11-08T09:36:24.659+08:00"},"s":"I",  "c":"STORAGE",  "id":22270,   "ctx":"initandlisten","msg":"Storage engine to use detected by data files","attr":{"dbpath":"E:/zengfeng/githubs/learn.mongodb/02_single/mongodb/data/db","storageEngine":"wiredTiger"}}
{"t":{"$date":"2024-11-08T09:36:24.659+08:00"},"s":"W",  "c":"STORAGE",  "id":22302,   "ctx":"initandlisten","msg":"Recovering data from the last clean checkpoint."}
{"t":{"$date":"2024-11-08T09:36:24.659+08:00"},"s":"I",  "c":"STORAGE",  "id":22315,   "ctx":"initandlisten","msg":"Opening WiredTiger","attr":{"config":"create,cache_size=15806M,session_max=33000,eviction=(threads_min=4,threads_max=4),config_base=false,statistics=(fast),log=(enabled=true,remove=true,path=journal,compressor=snappy),builtin_extension_config=(zstd=(compression_level=6)),file_manager=(close_idle_time=600,close_scan_interval=10,close_handle_minimum=2000),statistics_log=(wait=0),json_output=(error,message),verbose=[recovery_progress:1,checkpoint_progress:1,compact_progress:1,backup:0,checkpoint:0,compact:0,evict:0,history_store:0,recovery:0,rts:0,salvage:0,tiered:0,timestamp:0,transaction:0,verify:0,log:0],prefetch=(available=true,default=false),"}}
{"t":{"$date":"2024-11-08T09:36:24.683+08:00"},"s":"I",  "c":"WTRECOV",  "id":22430,   "ctx":"initandlisten","msg":"WiredTiger message","attr":{"message":{"ts_sec":1731029784,"ts_usec":683280,"thread":"23056:140717052667728","session_name":"txn-recover","category":"WT_VERB_RECOVERY_PROGRESS","category_id":34,"verbose_level":"DEBUG_1","verbose_level_id":1,"msg":"Recovering log 2 through 3"}}}
{"t":{"$date":"2024-11-08T09:36:24.734+08:00"},"s":"I",  "c":"WTRECOV",  "id":22430,   "ctx":"initandlisten","msg":"WiredTiger message","attr":{"message":{"ts_sec":1731029784,"ts_usec":733824,"thread":"23056:140717052667728","session_name":"txn-recover","category":"WT_VERB_RECOVERY_PROGRESS","category_id":34,"verbose_level":"DEBUG_1","verbose_level_id":1,"msg":"Recovering log 3 through 3"}}}
{"t":{"$date":"2024-11-08T09:36:24.788+08:00"},"s":"I",  "c":"WTRECOV",  "id":22430,   "ctx":"initandlisten","msg":"WiredTiger message","attr":{"message":{"ts_sec":1731029784,"ts_usec":788388,"thread":"23056:140717052667728","session_name":"txn-recover","category":"WT_VERB_RECOVERY_PROGRESS","category_id":34,"verbose_level":"DEBUG_1","verbose_level_id":1,"msg":"Main recovery loop: starting at 2/323840 to 3/256"}}}
{"t":{"$date":"2024-11-08T09:36:24.789+08:00"},"s":"I",  "c":"WTRECOV",  "id":22430,   "ctx":"initandlisten","msg":"WiredTiger message","attr":{"message":{"ts_sec":1731029784,"ts_usec":788896,"thread":"23056:140717052667728","session_name":"txn-recover","category":"WT_VERB_RECOVERY_PROGRESS","category_id":34,"verbose_level":"DEBUG_1","verbose_level_id":1,"msg":"Recovering log 2 through 3"}}}
{"t":{"$date":"2024-11-08T09:36:24.844+08:00"},"s":"I",  "c":"WTRECOV",  "id":22430,   "ctx":"initandlisten","msg":"WiredTiger message","attr":{"message":{"ts_sec":1731029784,"ts_usec":844168,"thread":"23056:140717052667728","session_name":"txn-recover","category":"WT_VERB_RECOVERY_PROGRESS","category_id":34,"verbose_level":"DEBUG_1","verbose_level_id":1,"msg":"Recovering log 3 through 3"}}}
{"t":{"$date":"2024-11-08T09:36:24.887+08:00"},"s":"I",  "c":"WTRECOV",  "id":22430,   "ctx":"initandlisten","msg":"WiredTiger message","attr":{"message":{"ts_sec":1731029784,"ts_usec":885826,"thread":"23056:140717052667728","session_name":"txn-recover","category":"WT_VERB_RECOVERY_PROGRESS","category_id":34,"verbose_level":"DEBUG_1","verbose_level_id":1,"msg":"recovery log replay has successfully finished and ran for 203 milliseconds"}}}
{"t":{"$date":"2024-11-08T09:36:24.887+08:00"},"s":"I",  "c":"WTRECOV",  "id":22430,   "ctx":"initandlisten","msg":"WiredTiger message","attr":{"message":{"ts_sec":1731029784,"ts_usec":885826,"thread":"23056:140717052667728","session_name":"txn-recover","category":"WT_VERB_RECOVERY_PROGRESS","category_id":34,"verbose_level":"DEBUG_1","verbose_level_id":1,"msg":"Set global recovery timestamp: (0, 0)"}}}
{"t":{"$date":"2024-11-08T09:36:24.887+08:00"},"s":"I",  "c":"WTRECOV",  "id":22430,   "ctx":"initandlisten","msg":"WiredTiger message","attr":{"message":{"ts_sec":1731029784,"ts_usec":885826,"thread":"23056:140717052667728","session_name":"txn-recover","category":"WT_VERB_RECOVERY_PROGRESS","category_id":34,"verbose_level":"DEBUG_1","verbose_level_id":1,"msg":"Set global oldest timestamp: (0, 0)"}}}
{"t":{"$date":"2024-11-08T09:36:24.888+08:00"},"s":"I",  "c":"WTRECOV",  "id":22430,   "ctx":"initandlisten","msg":"WiredTiger message","attr":{"message":{"ts_sec":1731029784,"ts_usec":887839,"thread":"23056:140717052667728","session_name":"txn-recover","category":"WT_VERB_RECOVERY_PROGRESS","category_id":34,"verbose_level":"DEBUG_1","verbose_level_id":1,"msg":"recovery rollback to stable has successfully finished and ran for 2 milliseconds"}}}
{"t":{"$date":"2024-11-08T09:36:24.891+08:00"},"s":"I",  "c":"WTCHKPT",  "id":22430,   "ctx":"initandlisten","msg":"WiredTiger message","attr":{"message":{"ts_sec":1731029784,"ts_usec":890869,"thread":"23056:140717052667728","session_name":"WT_SESSION.checkpoint","category":"WT_VERB_CHECKPOINT_PROGRESS","category_id":7,"verbose_level":"DEBUG_1","verbose_level_id":1,"msg":"saving checkpoint snapshot min: 3, snapshot max: 3 snapshot count: 0, oldest timestamp: (0, 0) , meta checkpoint timestamp: (0, 0) base write gen: 840"}}}
{"t":{"$date":"2024-11-08T09:36:24.900+08:00"},"s":"I",  "c":"WTRECOV",  "id":22430,   "ctx":"initandlisten","msg":"WiredTiger message","attr":{"message":{"ts_sec":1731029784,"ts_usec":900375,"thread":"23056:140717052667728","session_name":"txn-recover","category":"WT_VERB_RECOVERY_PROGRESS","category_id":34,"verbose_level":"DEBUG_1","verbose_level_id":1,"msg":"recovery checkpoint has successfully finished and ran for 12 milliseconds"}}}
{"t":{"$date":"2024-11-08T09:36:24.900+08:00"},"s":"I",  "c":"WTRECOV",  "id":22430,   "ctx":"initandlisten","msg":"WiredTiger message","attr":{"message":{"ts_sec":1731029784,"ts_usec":900375,"thread":"23056:140717052667728","session_name":"txn-recover","category":"WT_VERB_RECOVERY_PROGRESS","category_id":34,"verbose_level":"DEBUG_1","verbose_level_id":1,"msg":"recovery was completed successfully and took 218ms, including 203ms for the log replay, 2ms for the rollback to stable, and 12ms for the checkpoint."}}}
{"t":{"$date":"2024-11-08T09:36:24.904+08:00"},"s":"I",  "c":"STORAGE",  "id":4795906, "ctx":"initandlisten","msg":"WiredTiger opened","attr":{"durationMillis":245}}
{"t":{"$date":"2024-11-08T09:36:24.904+08:00"},"s":"I",  "c":"RECOVERY", "id":23987,   "ctx":"initandlisten","msg":"WiredTiger recoveryTimestamp","attr":{"recoveryTimestamp":{"$timestamp":{"t":0,"i":0}}}}
{"t":{"$date":"2024-11-08T09:36:24.912+08:00"},"s":"W",  "c":"CONTROL",  "id":22120,   "ctx":"initandlisten","msg":"Access control is not enabled for the database. Read and write access to data and configuration is unrestricted","tags":["startupWarnings"]}
{"t":{"$date":"2024-11-08T09:36:24.915+08:00"},"s":"I",  "c":"NETWORK",  "id":4915702, "ctx":"initandlisten","msg":"Updated wire specification","attr":{"oldSpec":{"incomingExternalClient":{"minWireVersion":0,"maxWireVersion":25},"incomingInternalClient":{"minWireVersion":0,"maxWireVersion":25},"outgoing":{"minWireVersion":6,"maxWireVersion":25},"isInternalClient":true},"newSpec":{"incomingExternalClient":{"minWireVersion":0,"maxWireVersion":25},"incomingInternalClient":{"minWireVersion":25,"maxWireVersion":25},"outgoing":{"minWireVersion":25,"maxWireVersion":25},"isInternalClient":true}}}
{"t":{"$date":"2024-11-08T09:36:24.915+08:00"},"s":"I",  "c":"REPL",     "id":5853300, "ctx":"initandlisten","msg":"current featureCompatibilityVersion value","attr":{"featureCompatibilityVersion":"8.0","context":"startup"}}
{"t":{"$date":"2024-11-08T09:36:24.915+08:00"},"s":"I",  "c":"STORAGE",  "id":5071100, "ctx":"initandlisten","msg":"Clearing temp directory"}
{"t":{"$date":"2024-11-08T09:36:24.918+08:00"},"s":"I",  "c":"CONTROL",  "id":6608200, "ctx":"initandlisten","msg":"Initializing cluster server parameters from disk"}
{"t":{"$date":"2024-11-08T09:36:24.918+08:00"},"s":"I",  "c":"CONTROL",  "id":20536,   "ctx":"initandlisten","msg":"Flow Control is enabled on this deployment"}
{"t":{"$date":"2024-11-08T09:36:25.107+08:00"},"s":"I",  "c":"FTDC",     "id":20625,   "ctx":"initandlisten","msg":"Initializing full-time diagnostic data capture","attr":{"dataDirectory":"E:/zengfeng/githubs/learn.mongodb/02_single/mongodb/data/db/diagnostic.data"}}
{"t":{"$date":"2024-11-08T09:36:25.109+08:00"},"s":"I",  "c":"REPL",     "id":6015317, "ctx":"initandlisten","msg":"Setting new configuration state","attr":{"newState":"ConfigReplicationDisabled","oldState":"ConfigPreStart"}}
{"t":{"$date":"2024-11-08T09:36:25.109+08:00"},"s":"I",  "c":"STORAGE",  "id":22262,   "ctx":"initandlisten","msg":"Timestamp monitor starting"}
{"t":{"$date":"2024-11-08T09:36:25.109+08:00"},"s":"I",  "c":"STORAGE",  "id":7333401, "ctx":"initandlisten","msg":"Starting the DiskSpaceMonitor"}
{"t":{"$date":"2024-11-08T09:36:25.111+08:00"},"s":"I",  "c":"NETWORK",  "id":23015,   "ctx":"listener","msg":"Listening on","attr":{"address":"127.0.0.1:27017"}}
{"t":{"$date":"2024-11-08T09:36:25.111+08:00"},"s":"I",  "c":"NETWORK",  "id":23015,   "ctx":"listener","msg":"Listening on","attr":{"address":"192.168.0.125:27017"}}
{"t":{"$date":"2024-11-08T09:36:25.111+08:00"},"s":"I",  "c":"NETWORK",  "id":23016,   "ctx":"listener","msg":"Waiting for connections","attr":{"port":27017,"ssl":"off"}}
{"t":{"$date":"2024-11-08T09:36:25.111+08:00"},"s":"I",  "c":"CONTROL",  "id":20555,   "ctx":"initandlisten","msg":"Service running"}
{"t":{"$date":"2024-11-08T09:36:25.111+08:00"},"s":"I",  "c":"CONTROL",  "id":8423403, "ctx":"initandlisten","msg":"mongod startup complete","attr":{"Summary of time elapsed":{"Startup from clean shutdown?":false,"Statistics":{"Set up periodic runner":"0 ms","Set up online certificate status protocol manager":"0 ms","Transport layer setup":"0 ms","Run initial syncer crash recovery":"0 ms","Create storage engine lock file in the data directory":"0 ms","Get metadata describing storage engine":"0 ms","Validate options in metadata against current startup options":"0 ms","Create storage engine":"246 ms","Write current PID to file":"0 ms","Initialize FCV before rebuilding indexes":"2 ms","Drop abandoned idents and get back indexes that need to be rebuilt or builds that need to be restarted":"0 ms","Rebuild indexes for collections":"0 ms","Load cluster parameters from disk for a standalone":"1 ms","Build user and roles graph":"0 ms","Set up the background thread pool responsible for waiting for opTimes to be majority committed":"0 ms","Start up the replication coordinator":"1 ms","Ensure the change stream collections on startup contain consistent data":"0 ms","Write startup options to the audit log":"0 ms","Start transport layer":"0 ms","_initAndListen total elapsed time":"455 ms"}}}}
{"t":{"$date":"2024-11-08T09:36:25.306+08:00"},"s":"I",  "c":"NETWORK",  "id":22943,   "ctx":"listener","msg":"Connection accepted","attr":{"remote":"192.168.0.125:56603","uuid":{"uuid":{"$uuid":"4458a909-ab62-4817-9170-10e0095090b5"}},"connectionId":1,"connectionCount":1}}
{"t":{"$date":"2024-11-08T09:36:25.307+08:00"},"s":"I",  "c":"NETWORK",  "id":51800,   "ctx":"conn1","msg":"client metadata","attr":{"remote":"192.168.0.125:56603","client":"conn1","negotiatedCompressors":[],"doc":{"application":{"name":"MongoDB Compass"},"driver":{"name":"nodejs","version":"6.9.0"},"platform":"Node.js v20.18.0, LE","os":{"name":"win32","architecture":"x64","version":"10.0.22631","type":"Windows_NT"}}}}
{"t":{"$date":"2024-11-08T09:36:25.340+08:00"},"s":"I",  "c":"NETWORK",  "id":22943,   "ctx":"listener","msg":"Connection accepted","attr":{"remote":"192.168.0.125:56604","uuid":{"uuid":{"$uuid":"333ed93e-207d-41aa-89be-c4ee0a1ae270"}},"connectionId":2,"connectionCount":2}}
{"t":{"$date":"2024-11-08T09:36:25.340+08:00"},"s":"I",  "c":"NETWORK",  "id":22943,   "ctx":"listener","msg":"Connection accepted","attr":{"remote":"192.168.0.125:56605","uuid":{"uuid":{"$uuid":"803efc64-c3fe-4518-98d9-7e1e1736b1e5"}},"connectionId":3,"connectionCount":3}}
{"t":{"$date":"2024-11-08T09:36:25.341+08:00"},"s":"I",  "c":"NETWORK",  "id":51800,   "ctx":"conn2","msg":"client metadata","attr":{"remote":"192.168.0.125:56604","client":"conn2","negotiatedCompressors":[],"doc":{"application":{"name":"MongoDB Compass"},"driver":{"name":"nodejs","version":"6.9.0"},"platform":"Node.js v20.18.0, LE","os":{"name":"win32","architecture":"x64","version":"10.0.22631","type":"Windows_NT"}}}}
{"t":{"$date":"2024-11-08T09:36:25.341+08:00"},"s":"I",  "c":"NETWORK",  "id":51800,   "ctx":"conn3","msg":"client metadata","attr":{"remote":"192.168.0.125:56605","client":"conn3","negotiatedCompressors":[],"doc":{"application":{"name":"MongoDB Compass"},"driver":{"name":"nodejs","version":"6.9.0"},"platform":"Node.js v20.18.0, LE","os":{"name":"win32","architecture":"x64","version":"10.0.22631","type":"Windows_NT"}}}}
{"t":{"$date":"2024-11-08T09:36:25.342+08:00"},"s":"I",  "c":"NETWORK",  "id":6788700, "ctx":"conn2","msg":"Received first command on ingress connection since session start or auth handshake","attr":{"elapsedMillis":0}}
{"t":{"$date":"2024-11-08T09:36:25.342+08:00"},"s":"I",  "c":"NETWORK",  "id":22943,   "ctx":"listener","msg":"Connection accepted","attr":{"remote":"192.168.0.125:56606","uuid":{"uuid":{"$uuid":"987d9208-2aac-4d70-9a15-2a9647418667"}},"connectionId":4,"connectionCount":4}}
{"t":{"$date":"2024-11-08T09:36:25.342+08:00"},"s":"I",  "c":"NETWORK",  "id":6788700, "ctx":"conn3","msg":"Received first command on ingress connection since session start or auth handshake","attr":{"elapsedMillis":0}}
{"t":{"$date":"2024-11-08T09:36:25.343+08:00"},"s":"I",  "c":"NETWORK",  "id":51800,   "ctx":"conn4","msg":"client metadata","attr":{"remote":"192.168.0.125:56606","client":"conn4","negotiatedCompressors":[],"doc":{"application":{"name":"MongoDB Compass"},"driver":{"name":"nodejs","version":"6.9.0"},"platform":"Node.js v20.18.0, LE","os":{"name":"win32","architecture":"x64","version":"10.0.22631","type":"Windows_NT"}}}}
{"t":{"$date":"2024-11-08T09:36:25.343+08:00"},"s":"I",  "c":"NETWORK",  "id":6788700, "ctx":"conn4","msg":"Received first command on ingress connection since session start or auth handshake","attr":{"elapsedMillis":0}}
{"t":{"$date":"2024-11-08T09:36:26.062+08:00"},"s":"I",  "c":"FTDC",     "id":20631,   "ctx":"ftdc","msg":"Unclean full-time diagnostic data capture shutdown detected, found interim file, some metrics may have been lost","attr":{"error":{"code":0,"codeName":"OK"}}}
{"t":{"$date":"2024-11-08T09:36:26.202+08:00"},"s":"W",  "c":"CONTROL",  "id":636300,  "ctx":"ftdc","msg":"Use of deprecated server parameter name","attr":{"deprecatedName":"internalQueryCacheSize","canonicalName":"internalQueryCacheMaxEntriesPerCollection"}}
{"t":{"$date":"2024-11-08T09:36:26.202+08:00"},"s":"W",  "c":"CONTROL",  "id":636300,  "ctx":"ftdc","msg":"Use of deprecated server parameter name","attr":{"deprecatedName":"oplogSamplingLogIntervalSeconds","canonicalName":"collectionSamplingLogIntervalSeconds"}}
{"t":{"$date":"2024-11-08T09:36:26.202+08:00"},"s":"W",  "c":"NETWORK",  "id":23803,   "ctx":"ftdc","msg":"Use of deprecated server parameter 'sslMode', please use 'tlsMode' instead."}
{"t":{"$date":"2024-11-08T09:36:26.202+08:00"},"s":"W",  "c":"CONTROL",  "id":636300,  "ctx":"ftdc","msg":"Use of deprecated server parameter name","attr":{"deprecatedName":"wiredTigerConcurrentReadTransactions","canonicalName":"storageEngineConcurrentReadTransactions"}}
{"t":{"$date":"2024-11-08T09:36:26.203+08:00"},"s":"W",  "c":"CONTROL",  "id":636300,  "ctx":"ftdc","msg":"Use of deprecated server parameter name","attr":{"deprecatedName":"wiredTigerConcurrentWriteTransactions","canonicalName":"storageEngineConcurrentWriteTransactions"}}
{"t":{"$date":"2024-11-08T09:36:30.511+08:00"},"s":"I",  "c":"NETWORK",  "id":22943,   "ctx":"listener","msg":"Connection accepted","attr":{"remote":"127.0.0.1:56628","uuid":{"uuid":{"$uuid":"1251ad75-980f-4793-9629-2e6eb3381572"}},"connectionId":5,"connectionCount":5}}
{"t":{"$date":"2024-11-08T09:36:30.535+08:00"},"s":"I",  "c":"NETWORK",  "id":51800,   "ctx":"conn5","msg":"client metadata","attr":{"remote":"127.0.0.1:56628","client":"conn5","negotiatedCompressors":[],"doc":{"application":{"name":"MongoDB Compass"},"driver":{"name":"nodejs","version":"6.9.0"},"platform":"Node.js v20.18.0, LE","os":{"name":"win32","architecture":"x64","version":"10.0.22631","type":"Windows_NT"}}}}
{"t":{"$date":"2024-11-08T09:36:31.749+08:00"},"s":"I",  "c":"NETWORK",  "id":22943,   "ctx":"listener","msg":"Connection accepted","attr":{"remote":"127.0.0.1:56631","uuid":{"uuid":{"$uuid":"c94d6fa2-5012-41d3-b905-f7da5dfe6cc2"}},"connectionId":6,"connectionCount":6}}
{"t":{"$date":"2024-11-08T09:36:31.750+08:00"},"s":"I",  "c":"NETWORK",  "id":51800,   "ctx":"conn6","msg":"client metadata","attr":{"remote":"127.0.0.1:56631","client":"conn6","negotiatedCompressors":[],"doc":{"driver":{"name":"mongo-java-driver|sync","version":"4.7.2-s3t"},"os":{"type":"Windows","name":"Windows 11","architecture":"amd64","version":"10.0"},"platform":"Java/Eclipse Adoptium/17.0.9+9","application":{"name":"Studio 3T"}}}}
{"t":{"$date":"2024-11-08T09:36:32.910+08:00"},"s":"I",  "c":"NETWORK",  "id":22943,   "ctx":"listener","msg":"Connection accepted","attr":{"remote":"127.0.0.1:56633","uuid":{"uuid":{"$uuid":"dd43e06f-ab76-4337-9f92-4953d813452a"}},"connectionId":7,"connectionCount":7}}
{"t":{"$date":"2024-11-08T09:36:32.911+08:00"},"s":"I",  "c":"NETWORK",  "id":51800,   "ctx":"conn7","msg":"client metadata","attr":{"remote":"127.0.0.1:56633","client":"conn7","negotiatedCompressors":[],"doc":{"driver":{"name":"mongo-java-driver|sync","version":"4.7.2-s3t"},"os":{"type":"Windows","name":"Windows 11","architecture":"amd64","version":"10.0"},"platform":"Java/Eclipse Adoptium/17.0.9+9","application":{"name":"Studio 3T"}}}}
{"t":{"$date":"2024-11-08T09:36:46.230+08:00"},"s":"I",  "c":"NETWORK",  "id":22943,   "ctx":"listener","msg":"Connection accepted","attr":{"remote":"127.0.0.1:56664","uuid":{"uuid":{"$uuid":"5ecdaa21-93cc-4133-a2f5-509f61bbe997"}},"connectionId":8,"connectionCount":8}}
{"t":{"$date":"2024-11-08T09:36:46.231+08:00"},"s":"I",  "c":"NETWORK",  "id":51800,   "ctx":"conn8","msg":"client metadata","attr":{"remote":"127.0.0.1:56664","client":"conn8","negotiatedCompressors":[],"doc":{"application":{"name":"MongoDB Shell"},"driver":{"name":"MongoDB Internal Client","version":"4.0.12"},"os":{"type":"Windows","name":"Microsoft Windows 10","architecture":"x86_64","version":"10.0 (build 22631)"}}}}
{"t":{"$date":"2024-11-08T09:36:46.231+08:00"},"s":"I",  "c":"NETWORK",  "id":6788700, "ctx":"conn8","msg":"Received first command on ingress connection since session start or auth handshake","attr":{"elapsedMillis":0}}
{"t":{"$date":"2024-11-08T09:37:24.915+08:00"},"s":"I",  "c":"WTCHKPT",  "id":22430,   "ctx":"Checkpointer","msg":"WiredTiger message","attr":{"message":{"ts_sec":1731029844,"ts_usec":915284,"thread":"23056:140717052667728","session_name":"WT_SESSION.checkpoint","category":"WT_VERB_CHECKPOINT_PROGRESS","category_id":7,"verbose_level":"DEBUG_1","verbose_level_id":1,"msg":"saving checkpoint snapshot min: 5, snapshot max: 5 snapshot count: 0, oldest timestamp: (0, 0) , meta checkpoint timestamp: (0, 0) base write gen: 840"}}}
{"t":{"$date":"2024-11-08T09:37:57.200+08:00"},"s":"I",  "c":"CONTROL",  "id":23315,   "ctx":"serviceShutdown","msg":"Received request from Windows Service Control Manager","attr":{"code":"SERVICE_CONTROL_STOP","inShutdown":"false"}}
{"t":{"$date":"2024-11-08T09:37:57.200+08:00"},"s":"I",  "c":"REPL",     "id":4784900, "ctx":"serviceShutdown","msg":"Stepping down the ReplicationCoordinator for shutdown","attr":{"waitTimeMillis":15000}}
{"t":{"$date":"2024-11-08T09:37:57.201+08:00"},"s":"I",  "c":"REPL",     "id":4794602, "ctx":"serviceShutdown","msg":"Attempting to enter quiesce mode"}
{"t":{"$date":"2024-11-08T09:37:57.201+08:00"},"s":"I",  "c":"STORAGE",  "id":7333402, "ctx":"serviceShutdown","msg":"Shutting down the DiskSpaceMonitor"}
{"t":{"$date":"2024-11-08T09:37:57.201+08:00"},"s":"I",  "c":"-",        "id":6371601, "ctx":"serviceShutdown","msg":"Shutting down the FLE Crud thread pool"}
{"t":{"$date":"2024-11-08T09:37:57.201+08:00"},"s":"I",  "c":"COMMAND",  "id":4784901, "ctx":"serviceShutdown","msg":"Shutting down the MirrorMaestro"}
{"t":{"$date":"2024-11-08T09:37:57.201+08:00"},"s":"I",  "c":"SHARDING", "id":4784902, "ctx":"serviceShutdown","msg":"Shutting down the WaitForMajorityService"}
{"t":{"$date":"2024-11-08T09:37:57.201+08:00"},"s":"I",  "c":"CONTROL",  "id":4784903, "ctx":"serviceShutdown","msg":"Shutting down the LogicalSessionCache"}
{"t":{"$date":"2024-11-08T09:37:57.202+08:00"},"s":"I",  "c":"NETWORK",  "id":8314100, "ctx":"serviceShutdown","msg":"Shutdown: Closing listener sockets"}
{"t":{"$date":"2024-11-08T09:37:57.202+08:00"},"s":"I",  "c":"NETWORK",  "id":4784905, "ctx":"serviceShutdown","msg":"Shutting down the global connection pool"}
{"t":{"$date":"2024-11-08T09:37:57.202+08:00"},"s":"I",  "c":"CONTROL",  "id":4784906, "ctx":"serviceShutdown","msg":"Shutting down the FlowControlTicketholder"}
{"t":{"$date":"2024-11-08T09:37:57.202+08:00"},"s":"I",  "c":"-",        "id":20520,   "ctx":"serviceShutdown","msg":"Stopping further Flow Control ticket acquisitions."}
{"t":{"$date":"2024-11-08T09:37:57.202+08:00"},"s":"I",  "c":"CONTROL",  "id":4784908, "ctx":"serviceShutdown","msg":"Shutting down the PeriodicThreadToAbortExpiredTransactions"}
{"t":{"$date":"2024-11-08T09:37:57.202+08:00"},"s":"I",  "c":"REPL",     "id":4784909, "ctx":"serviceShutdown","msg":"Shutting down the ReplicationCoordinator"}
{"t":{"$date":"2024-11-08T09:37:57.202+08:00"},"s":"I",  "c":"SHARDING", "id":4784910, "ctx":"serviceShutdown","msg":"Shutting down the ShardingInitializationMongoD"}
{"t":{"$date":"2024-11-08T09:37:57.202+08:00"},"s":"I",  "c":"REPL",     "id":4784911, "ctx":"serviceShutdown","msg":"Enqueuing the ReplicationStateTransitionLock for shutdown"}
{"t":{"$date":"2024-11-08T09:37:57.202+08:00"},"s":"I",  "c":"-",        "id":4784912, "ctx":"serviceShutdown","msg":"Killing all operations for shutdown"}
{"t":{"$date":"2024-11-08T09:37:57.202+08:00"},"s":"I",  "c":"-",        "id":4695300, "ctx":"serviceShutdown","msg":"Interrupted all currently running operations","attr":{"opsKilled":6}}
{"t":{"$date":"2024-11-08T09:37:57.202+08:00"},"s":"I",  "c":"TENANT_M", "id":5093807, "ctx":"serviceShutdown","msg":"Shutting down all TenantMigrationAccessBlockers on global shutdown"}
{"t":{"$date":"2024-11-08T09:37:57.202+08:00"},"s":"I",  "c":"ASIO",     "id":6529201, "ctx":"serviceShutdown","msg":"Network interface redundant shutdown","attr":{"state":"Stopped"}}
{"t":{"$date":"2024-11-08T09:37:57.202+08:00"},"s":"I",  "c":"ASIO",     "id":22582,   "ctx":"serviceShutdown","msg":"Killing all outstanding egress activity."}
{"t":{"$date":"2024-11-08T09:37:57.202+08:00"},"s":"I",  "c":"COMMAND",  "id":4784913, "ctx":"serviceShutdown","msg":"Shutting down all open transactions"}
{"t":{"$date":"2024-11-08T09:37:57.202+08:00"},"s":"I",  "c":"REPL",     "id":4784914, "ctx":"serviceShutdown","msg":"Acquiring the ReplicationStateTransitionLock for shutdown"}
{"t":{"$date":"2024-11-08T09:37:57.202+08:00"},"s":"I",  "c":"INDEX",    "id":4784915, "ctx":"serviceShutdown","msg":"Shutting down the IndexBuildsCoordinator"}
{"t":{"$date":"2024-11-08T09:37:57.202+08:00"},"s":"I",  "c":"NETWORK",  "id":4784918, "ctx":"serviceShutdown","msg":"Shutting down the ReplicaSetMonitor"}
{"t":{"$date":"2024-11-08T09:37:57.202+08:00"},"s":"I",  "c":"SHARDING", "id":4784921, "ctx":"serviceShutdown","msg":"Shutting down the MigrationUtilExecutor"}
{"t":{"$date":"2024-11-08T09:37:57.202+08:00"},"s":"I",  "c":"ASIO",     "id":22582,   "ctx":"MigrationUtil-TaskExecutor","msg":"Killing all outstanding egress activity."}
{"t":{"$date":"2024-11-08T09:37:57.202+08:00"},"s":"I",  "c":"NETWORK",  "id":20562,   "ctx":"serviceShutdown","msg":"Shutdown: Closing open transport sessions"}
{"t":{"$date":"2024-11-08T09:37:57.202+08:00"},"s":"I",  "c":"NETWORK",  "id":4784923, "ctx":"serviceShutdown","msg":"Shutting down the ASIO transport SessionManager"}
{"t":{"$date":"2024-11-08T09:37:57.202+08:00"},"s":"I",  "c":"CONTROL",  "id":4784927, "ctx":"serviceShutdown","msg":"Shutting down the HealthLog"}
{"t":{"$date":"2024-11-08T09:37:57.202+08:00"},"s":"I",  "c":"CONTROL",  "id":4784928, "ctx":"serviceShutdown","msg":"Shutting down the TTL monitor"}
{"t":{"$date":"2024-11-08T09:37:57.202+08:00"},"s":"I",  "c":"INDEX",    "id":3684100, "ctx":"serviceShutdown","msg":"Shutting down TTL collection monitor thread"}
{"t":{"$date":"2024-11-08T09:37:57.202+08:00"},"s":"I",  "c":"INDEX",    "id":3684101, "ctx":"serviceShutdown","msg":"Finished shutting down TTL collection monitor thread"}
{"t":{"$date":"2024-11-08T09:37:57.202+08:00"},"s":"I",  "c":"CONTROL",  "id":6278511, "ctx":"serviceShutdown","msg":"Shutting down the Change Stream Expired Pre-images Remover"}
{"t":{"$date":"2024-11-08T09:37:57.202+08:00"},"s":"I",  "c":"CONTROL",  "id":4784929, "ctx":"serviceShutdown","msg":"Acquiring the global lock for shutdown"}
{"t":{"$date":"2024-11-08T09:37:57.202+08:00"},"s":"I",  "c":"CONTROL",  "id":4784930, "ctx":"serviceShutdown","msg":"Shutting down the storage engine"}
{"t":{"$date":"2024-11-08T09:37:57.202+08:00"},"s":"I",  "c":"STORAGE",  "id":22320,   "ctx":"serviceShutdown","msg":"Shutting down journal flusher thread"}
{"t":{"$date":"2024-11-08T09:37:57.202+08:00"},"s":"I",  "c":"STORAGE",  "id":22321,   "ctx":"serviceShutdown","msg":"Finished shutting down journal flusher thread"}
{"t":{"$date":"2024-11-08T09:37:57.202+08:00"},"s":"I",  "c":"STORAGE",  "id":22322,   "ctx":"serviceShutdown","msg":"Shutting down checkpoint thread"}
{"t":{"$date":"2024-11-08T09:37:57.202+08:00"},"s":"I",  "c":"NETWORK",  "id":22944,   "ctx":"conn1","msg":"Connection ended","attr":{"remote":"192.168.0.125:56603","uuid":{"uuid":{"$uuid":"4458a909-ab62-4817-9170-10e0095090b5"}},"connectionId":1,"connectionCount":7}}
{"t":{"$date":"2024-11-08T09:37:57.203+08:00"},"s":"I",  "c":"STORAGE",  "id":22323,   "ctx":"serviceShutdown","msg":"Finished shutting down checkpoint thread"}
{"t":{"$date":"2024-11-08T09:37:57.203+08:00"},"s":"I",  "c":"STORAGE",  "id":22261,   "ctx":"serviceShutdown","msg":"Timestamp monitor shutting down"}
{"t":{"$date":"2024-11-08T09:37:57.203+08:00"},"s":"I",  "c":"STORAGE",  "id":20282,   "ctx":"serviceShutdown","msg":"Deregistering all the collections"}
{"t":{"$date":"2024-11-08T09:37:57.203+08:00"},"s":"I",  "c":"NETWORK",  "id":22944,   "ctx":"conn6","msg":"Connection ended","attr":{"remote":"127.0.0.1:56631","uuid":{"uuid":{"$uuid":"c94d6fa2-5012-41d3-b905-f7da5dfe6cc2"}},"connectionId":6,"connectionCount":6}}
{"t":{"$date":"2024-11-08T09:37:57.203+08:00"},"s":"I",  "c":"STORAGE",  "id":22317,   "ctx":"serviceShutdown","msg":"WiredTigerKVEngine shutting down"}
{"t":{"$date":"2024-11-08T09:37:57.203+08:00"},"s":"I",  "c":"STORAGE",  "id":22318,   "ctx":"serviceShutdown","msg":"Shutting down session sweeper thread"}
{"t":{"$date":"2024-11-08T09:37:57.203+08:00"},"s":"I",  "c":"STORAGE",  "id":22319,   "ctx":"serviceShutdown","msg":"Finished shutting down session sweeper thread"}
{"t":{"$date":"2024-11-08T09:37:57.215+08:00"},"s":"I",  "c":"STORAGE",  "id":4795902, "ctx":"serviceShutdown","msg":"Closing WiredTiger","attr":{"closeConfig":"leak_memory=true,use_timestamp=false,"}}
{"t":{"$date":"2024-11-08T09:37:57.217+08:00"},"s":"I",  "c":"WTCHKPT",  "id":22430,   "ctx":"serviceShutdown","msg":"WiredTiger message","attr":{"message":{"ts_sec":1731029877,"ts_usec":217187,"thread":"23056:140717052667728","session_name":"close_ckpt","category":"WT_VERB_CHECKPOINT_PROGRESS","category_id":7,"verbose_level":"DEBUG_1","verbose_level_id":1,"msg":"saving checkpoint snapshot min: 10, snapshot max: 10 snapshot count: 0, oldest timestamp: (0, 0) , meta checkpoint timestamp: (0, 0) base write gen: 840"}}}
{"t":{"$date":"2024-11-08T09:37:57.230+08:00"},"s":"I",  "c":"NETWORK",  "id":22944,   "ctx":"conn5","msg":"Connection ended","attr":{"remote":"127.0.0.1:56628","uuid":{"uuid":{"$uuid":"1251ad75-980f-4793-9629-2e6eb3381572"}},"connectionId":5,"connectionCount":5}}
{"t":{"$date":"2024-11-08T09:37:57.235+08:00"},"s":"I",  "c":"WTRECOV",  "id":22430,   "ctx":"serviceShutdown","msg":"WiredTiger message","attr":{"message":{"ts_sec":1731029877,"ts_usec":234832,"thread":"23056:140717052667728","session_name":"WT_CONNECTION.close","category":"WT_VERB_RECOVERY_PROGRESS","category_id":34,"verbose_level":"DEBUG_1","verbose_level_id":1,"msg":"shutdown checkpoint has successfully finished and ran for 18 milliseconds"}}}
{"t":{"$date":"2024-11-08T09:37:57.235+08:00"},"s":"I",  "c":"WTRECOV",  "id":22430,   "ctx":"serviceShutdown","msg":"WiredTiger message","attr":{"message":{"ts_sec":1731029877,"ts_usec":234832,"thread":"23056:140717052667728","session_name":"WT_CONNECTION.close","category":"WT_VERB_RECOVERY_PROGRESS","category_id":34,"verbose_level":"DEBUG_1","verbose_level_id":1,"msg":"shutdown was completed successfully and took 20ms, including 0ms for the rollback to stable, and 18ms for the checkpoint."}}}
{"t":{"$date":"2024-11-08T09:37:57.245+08:00"},"s":"I",  "c":"STORAGE",  "id":4795901, "ctx":"serviceShutdown","msg":"WiredTiger closed","attr":{"durationMillis":30}}
{"t":{"$date":"2024-11-08T09:37:57.245+08:00"},"s":"I",  "c":"STORAGE",  "id":22281,   "ctx":"serviceShutdown","msg":"shutdown: removing fs lock..."}
{"t":{"$date":"2024-11-08T09:37:57.245+08:00"},"s":"I",  "c":"-",        "id":4784931, "ctx":"serviceShutdown","msg":"Dropping the scope cache for shutdown"}
{"t":{"$date":"2024-11-08T09:37:57.245+08:00"},"s":"I",  "c":"FTDC",     "id":20626,   "ctx":"serviceShutdown","msg":"Shutting down full-time diagnostic data capture"}
{"t":{"$date":"2024-11-08T09:37:57.248+08:00"},"s":"I",  "c":"CONTROL",  "id":20565,   "ctx":"serviceShutdown","msg":"Now exiting"}
{"t":{"$date":"2024-11-08T09:37:57.248+08:00"},"s":"I",  "c":"CONTROL",  "id":8423404, "ctx":"serviceShutdown","msg":"mongod shutdown complete","attr":{"Summary of time elapsed":{"Statistics":{"Enter terminal shutdown":"0 ms","Step down the replication coordinator for shutdown":"1 ms","Time spent in quiesce mode":"0 ms","Shut down FLE Crud subsystem":"0 ms","Shut down MirrorMaestro":"0 ms","Shut down WaitForMajorityService":"0 ms","Shut down the logical session cache":"0 ms","Shut down the global connection pool":"0 ms","Shut down the flow control ticket holder":"0 ms","Shut down the thread that aborts expired transactions":"0 ms","Kill all operations for shutdown":"0 ms","Shut down all tenant migration access blockers on global shutdown":"0 ms","Shut down all open transactions":"0 ms","Acquire the RSTL for shutdown":"0 ms","Shut down the IndexBuildsCoordinator and wait for index builds to finish":"0 ms","Shut down the replica set monitor":"0 ms","Shut down the migration util executor":"0 ms","Shut down the transport layer":"0 ms","Shut down the health log":"0 ms","Shut down the TTL monitor":"0 ms","Shut down expired pre-images and documents removers":"0 ms","Shut down the storage engine":"43 ms","Wait for the oplog cap maintainer thread to stop":"0 ms","Shut down full-time data capture":"0 ms","Shut down online certificate status protocol manager":"0 ms","shutdownTask total elapsed time":"48 ms"}}}}

{"t":{"$date":"2024-11-08T09:38:26.023+08:00"},"s":"I",  "c":"CONTROL",  "id":20698,   "ctx":"thread1","msg":"***** SERVER RESTARTED *****"}
{"t":{"$date":"2024-11-08T09:38:27.777+08:00"},"s":"I",  "c":"CONTROL",  "id":23285,   "ctx":"thread1","msg":"Automatically disabling TLS 1.0, to force-enable TLS 1.0 specify --sslDisabledProtocols 'none'"}
{"t":{"$date":"2024-11-08T09:38:27.777+08:00"},"s":"I",  "c":"CONTROL",  "id":5945603, "ctx":"thread1","msg":"Multi threading initialized"}
{"t":{"$date":"2024-11-08T09:38:27.777+08:00"},"s":"I",  "c":"NETWORK",  "id":4648601, "ctx":"thread1","msg":"Implicit TCP FastOpen unavailable. If TCP FastOpen is required, set at least one of the related parameters","attr":{"relatedParameters":["tcpFastOpenServer","tcpFastOpenClient","tcpFastOpenQueueSize"]}}
{"t":{"$date":"2024-11-08T09:38:27.779+08:00"},"s":"I",  "c":"NETWORK",  "id":4915701, "ctx":"thread1","msg":"Initialized wire specification","attr":{"spec":{"incomingExternalClient":{"minWireVersion":0,"maxWireVersion":25},"incomingInternalClient":{"minWireVersion":0,"maxWireVersion":25},"outgoing":{"minWireVersion":6,"maxWireVersion":25},"isInternalClient":true}}}
{"t":{"$date":"2024-11-08T09:38:27.779+08:00"},"s":"I",  "c":"CONTROL",  "id":23307,   "ctx":"thread1","msg":"Trying to remove Windows service","attr":{"name":"MongoDB_Test"}}
{"t":{"$date":"2024-11-08T09:38:27.780+08:00"},"s":"I",  "c":"CONTROL",  "id":23312,   "ctx":"thread1","msg":"Service removed","attr":{"serviceName":"MongoDB_Test"}}
